{"numFailedTestSuites":0,"numFailedTests":0,"numPassedTestSuites":1,"numPassedTests":3,"numPendingTestSuites":0,"numPendingTests":0,"numRuntimeErrorTestSuites":0,"numTodoTests":0,"numTotalTestSuites":1,"numTotalTests":3,"openHandles":[],"snapshot":{"added":0,"didUpdate":false,"failure":false,"filesAdded":0,"filesRemoved":0,"filesRemovedList":[],"filesUnmatched":0,"filesUpdated":0,"matched":0,"total":0,"unchecked":0,"uncheckedKeysByFile":[],"unmatched":0,"updated":0},"startTime":1750548078097,"success":true,"testResults":[{"assertionResults":[{"ancestorTitles":["Baseline Tests"],"duration":11,"failureDetails":[],"failureMessages":[],"fullName":"Baseline Tests should pass a simple test","invocations":1,"location":null,"numPassingAsserts":1,"retryReasons":[],"status":"passed","title":"should pass a simple test"},{"ancestorTitles":["Baseline Tests"],"duration":2,"failureDetails":[],"failureMessages":[],"fullName":"Baseline Tests should perform basic math","invocations":1,"location":null,"numPassingAsserts":1,"retryReasons":[],"status":"passed","title":"should perform basic math"},{"ancestorTitles":["Baseline Tests"],"duration":2,"failureDetails":[],"failureMessages":[],"fullName":"Baseline Tests should handle string operations","invocations":1,"location":null,"numPassingAsserts":1,"retryReasons":[],"status":"passed","title":"should handle string operations"}],"endTime":1750548084151,"message":"","name":"C:\\Users\\ajelacn\\Documents\\chatbots\\test-results\\sample-tests\\baseline.test.js","startTime":1750548078502,"status":"passed","summary":""}],"wasInterrupted":false}
